<?xml version="1.0" encoding="UTF-8"?>
<testsuites>
    <testsuite name="force.apex" timestamp="2026-05-10T15:37:25.000Z" hostname="https://orgfarm-ac01aa6abd-dev-ed.develop.my.salesforce.com" tests="26" failures="0"  errors="0"  time="1.79">
        <properties>
            <property name="outcome" value="Successful"/>
            <property name="testsRan" value="26"/>
            <property name="passing" value="26"/>
            <property name="failing" value="0"/>
            <property name="skipped" value="0"/>
            <property name="passRate" value="100%"/>
            <property name="failRate" value="0%"/>
            <property name="testStartTime" value="Sun May 10 2026 9:07:25 PM"/>
            <property name="testSetupTimeInMs" value="520"/>
            <property name="testExecutionTime" value="1.79 s"/>
            <property name="testTotalTime" value="2.31 s"/>
            <property name="commandTime" value="0.31 s"/>
            <property name="hostname" value="https://orgfarm-ac01aa6abd-dev-ed.develop.my.salesforce.com"/>
            <property name="orgId" value="00DgL00000Nz3aaUAB"/>
            <property name="username" value="krishnendu.bose.71c3f5093136@agentforce.com"/>
            <property name="testRunId" value="707gL00000pSzY5"/>
            <property name="userId" value="005gL00000GjLOrQAN"/>
        </properties>
        <testcase name="testBuildLogEntry" classname="OIP_DiagnosticsLoggerTest" time="0.01">
        </testcase>
        <testcase name="testLogAllLevels" classname="OIP_DiagnosticsLoggerTest" time="0.07">
        </testcase>
        <testcase name="testLogBulkExceedsBatchSize" classname="OIP_DiagnosticsLoggerTest" time="0.28">
        </testcase>
        <testcase name="testLogBulkScenario" classname="OIP_DiagnosticsLoggerTest" time="0.14">
        </testcase>
        <testcase name="testLogEmptyEntries" classname="OIP_DiagnosticsLoggerTest" time="0.01">
        </testcase>
        <testcase name="testLogNullEntries" classname="OIP_DiagnosticsLoggerTest" time="0.01">
        </testcase>
        <testcase name="testLogSingleEntry" classname="OIP_DiagnosticsLoggerTest" time="0.04">
        </testcase>
        <testcase name="testIndexBySOQLApexClass" classname="OIP_MetadataIndexerServiceTest" time="0.05">
        </testcase>
        <testcase name="testIndexBySOQLApexTrigger" classname="OIP_MetadataIndexerServiceTest" time="0.02">
        </testcase>
        <testcase name="testIndexBySOQLFlow" classname="OIP_MetadataIndexerServiceTest" time="0.53">
        </testcase>
        <testcase name="testIndexBySOQLUnsupportedType" classname="OIP_MetadataIndexerServiceTest" time="0.07">
        </testcase>
        <testcase name="testIndexComponentTypesMultipleTypes" classname="OIP_MetadataIndexerServiceTest" time="0.03">
        </testcase>
        <testcase name="testIndexComponentTypesWithEmpty" classname="OIP_MetadataIndexerServiceTest" time="0.01">
        </testcase>
        <testcase name="testIndexComponentTypesWithNull" classname="OIP_MetadataIndexerServiceTest" time="0.01">
        </testcase>
        <testcase name="testUpsertIndexRecordsBulk" classname="OIP_MetadataIndexerServiceTest" time="0.16">
        </testcase>
        <testcase name="testUpsertIndexRecordsWithUpdate" classname="OIP_MetadataIndexerServiceTest" time="0.05">
        </testcase>
        <testcase name="testCalculateSeverity" classname="OIP_DependencyGraphEngineTest" time="0.04">
        </testcase>
        <testcase name="testGetNodeByName" classname="OIP_DependencyGraphEngineTest" time="0.02">
        </testcase>
        <testcase name="testGetOutgoingEdges" classname="OIP_DependencyGraphEngineTest" time="0.05">
        </testcase>
        <testcase name="testSearchNodes" classname="OIP_DependencyGraphEngineTest" time="0.02">
        </testcase>
        <testcase name="testTraverseBFS" classname="OIP_DependencyGraphEngineTest" time="0.07">
        </testcase>
        <testcase name="testTraverseBFSMaxDepth" classname="OIP_DependencyGraphEngineTest" time="0.03">
        </testcase>
        <testcase name="testTraverseReverseBFS" classname="OIP_DependencyGraphEngineTest" time="0.08">
        </testcase>
    </testsuite>
</testsuites>
