<?xml version="1.0" encoding="UTF-8"?>
<testsuites>
    <testsuite name="force.apex" timestamp="2026-05-10T15:35:03.000Z" hostname="https://orgfarm-ac01aa6abd-dev-ed.develop.my.salesforce.com" tests="8" failures="0"  errors="0"  time="0.38">
        <properties>
            <property name="outcome" value="Successful"/>
            <property name="testsRan" value="8"/>
            <property name="passing" value="8"/>
            <property name="failing" value="0"/>
            <property name="skipped" value="0"/>
            <property name="passRate" value="100%"/>
            <property name="failRate" value="0%"/>
            <property name="testStartTime" value="Sun May 10 2026 9:05:03 PM"/>
            <property name="testSetupTimeInMs" value="459"/>
            <property name="testExecutionTime" value="0.38 s"/>
            <property name="testTotalTime" value="0.84 s"/>
            <property name="commandTime" value="0.33 s"/>
            <property name="hostname" value="https://orgfarm-ac01aa6abd-dev-ed.develop.my.salesforce.com"/>
            <property name="orgId" value="00DgL00000Nz3aaUAB"/>
            <property name="username" value="krishnendu.bose.71c3f5093136@agentforce.com"/>
            <property name="testRunId" value="707gL00000pSyZi"/>
            <property name="userId" value="005gL00000GjLOrQAN"/>
        </properties>
        <testcase name="testCalculateSeverity" classname="OIP_DependencyGraphEngineTest" time="0.06">
        </testcase>
        <testcase name="testGetNodeByName" classname="OIP_DependencyGraphEngineTest" time="0.03">
        </testcase>
        <testcase name="testGetOutgoingEdges" classname="OIP_DependencyGraphEngineTest" time="0.08">
        </testcase>
        <testcase name="testSearchNodes" classname="OIP_DependencyGraphEngineTest" time="0.02">
        </testcase>
        <testcase name="testTraverseBFS" classname="OIP_DependencyGraphEngineTest" time="0.08">
        </testcase>
        <testcase name="testTraverseBFSMaxDepth" classname="OIP_DependencyGraphEngineTest" time="0.04">
        </testcase>
        <testcase name="testTraverseReverseBFS" classname="OIP_DependencyGraphEngineTest" time="0.09">
        </testcase>
    </testsuite>
</testsuites>
