<?xml version="1.0" encoding="UTF-8"?>
<testsuites>
    <testsuite name="force.apex" timestamp="2026-05-10T16:14:24.000Z" hostname="https://orgfarm-ac01aa6abd-dev-ed.develop.my.salesforce.com" tests="3" failures="0"  errors="0"  time="0.04">
        <properties>
            <property name="outcome" value="Successful"/>
            <property name="testsRan" value="3"/>
            <property name="passing" value="3"/>
            <property name="failing" value="0"/>
            <property name="skipped" value="0"/>
            <property name="passRate" value="100%"/>
            <property name="failRate" value="0%"/>
            <property name="testStartTime" value="Sun May 10 2026 9:44:24 PM"/>
            <property name="testSetupTimeInMs" value="177"/>
            <property name="testExecutionTime" value="0.04 s"/>
            <property name="testTotalTime" value="0.22 s"/>
            <property name="commandTime" value="0.40 s"/>
            <property name="hostname" value="https://orgfarm-ac01aa6abd-dev-ed.develop.my.salesforce.com"/>
            <property name="orgId" value="00DgL00000Nz3aaUAB"/>
            <property name="username" value="krishnendu.bose.71c3f5093136@agentforce.com"/>
            <property name="testRunId" value="707gL00000pTCgu"/>
            <property name="userId" value="005gL00000GjLOrQAN"/>
        </properties>
        <testcase name="testDetectMissingDependencies" classname="OIP_DeploymentDebuggerServiceTest" time="0.04">
        </testcase>
        <testcase name="testGenerateFixActions" classname="OIP_DeploymentDebuggerServiceTest" time="0.00">
        </testcase>
    </testsuite>
</testsuites>
