<?xml version="1.0" encoding="UTF-8"?>
<testsuites>
    <testsuite name="force.apex" timestamp="2026-05-10T15:05:35.000Z" hostname="https://orgfarm-ac01aa6abd-dev-ed.develop.my.salesforce.com" tests="8" failures="0"  errors="0"  time="1.26">
        <properties>
            <property name="outcome" value="Successful"/>
            <property name="testsRan" value="8"/>
            <property name="passing" value="8"/>
            <property name="failing" value="0"/>
            <property name="skipped" value="0"/>
            <property name="passRate" value="100%"/>
            <property name="failRate" value="0%"/>
            <property name="testStartTime" value="Sun May 10 2026 8:35:35 PM"/>
            <property name="testSetupTimeInMs" value="157"/>
            <property name="testExecutionTime" value="1.26 s"/>
            <property name="testTotalTime" value="1.42 s"/>
            <property name="commandTime" value="0.37 s"/>
            <property name="hostname" value="https://orgfarm-ac01aa6abd-dev-ed.develop.my.salesforce.com"/>
            <property name="orgId" value="00DgL00000Nz3aaUAB"/>
            <property name="username" value="krishnendu.bose.71c3f5093136@agentforce.com"/>
            <property name="testRunId" value="707gL00000pS9Gm"/>
            <property name="userId" value="005gL00000GjLOrQAN"/>
        </properties>
        <testcase name="testBuildLogEntry" classname="OIP_DiagnosticsLoggerTest" time="0.01">
        </testcase>
        <testcase name="testLogAllLevels" classname="OIP_DiagnosticsLoggerTest" time="0.08">
        </testcase>
        <testcase name="testLogBulkExceedsBatchSize" classname="OIP_DiagnosticsLoggerTest" time="0.78">
        </testcase>
        <testcase name="testLogBulkScenario" classname="OIP_DiagnosticsLoggerTest" time="0.32">
        </testcase>
        <testcase name="testLogEmptyEntries" classname="OIP_DiagnosticsLoggerTest" time="0.01">
        </testcase>
        <testcase name="testLogNullEntries" classname="OIP_DiagnosticsLoggerTest" time="0.01">
        </testcase>
        <testcase name="testLogSingleEntry" classname="OIP_DiagnosticsLoggerTest" time="0.05">
        </testcase>
    </testsuite>
</testsuites>
