<?xml version="1.0" encoding="UTF-8"?>
<testsuites>
    <testsuite name="force.apex" timestamp="2026-05-10T16:12:39.000Z" hostname="https://orgfarm-ac01aa6abd-dev-ed.develop.my.salesforce.com" tests="42" failures="3"  errors="0"  time="4.66">
        <properties>
            <property name="outcome" value="Failed"/>
            <property name="testsRan" value="42"/>
            <property name="passing" value="39"/>
            <property name="failing" value="3"/>
            <property name="skipped" value="0"/>
            <property name="passRate" value="93%"/>
            <property name="failRate" value="7%"/>
            <property name="testStartTime" value="Sun May 10 2026 9:42:39 PM"/>
            <property name="testSetupTimeInMs" value="992"/>
            <property name="testExecutionTime" value="4.66 s"/>
            <property name="testTotalTime" value="5.65 s"/>
            <property name="commandTime" value="0.34 s"/>
            <property name="hostname" value="https://orgfarm-ac01aa6abd-dev-ed.develop.my.salesforce.com"/>
            <property name="orgId" value="00DgL00000Nz3aaUAB"/>
            <property name="username" value="krishnendu.bose.71c3f5093136@agentforce.com"/>
            <property name="testRunId" value="707gL00000pTNCO"/>
            <property name="userId" value="005gL00000GjLOrQAN"/>
        </properties>
        <testcase name="testAnalyzeFailureNotFound" classname="OIP_RootCauseAnalyzerServiceTest" time="0.03">
        </testcase>
        <testcase name="testAnalyzeFailureWithErrors" classname="OIP_RootCauseAnalyzerServiceTest" time="0.04">
        </testcase>
        <testcase name="testConfidenceScoring" classname="OIP_RootCauseAnalyzerServiceTest" time="0.01">
        </testcase>
        <testcase name="testGenerateChecklist" classname="OIP_RootCauseAnalyzerServiceTest" time="0.01">
        </testcase>
        <testcase name="testBuildLogEntry" classname="OIP_DiagnosticsLoggerTest" time="0.01">
        </testcase>
        <testcase name="testLogAllLevels" classname="OIP_DiagnosticsLoggerTest" time="0.08">
        </testcase>
        <testcase name="testLogBulkExceedsBatchSize" classname="OIP_DiagnosticsLoggerTest" time="0.37">
        </testcase>
        <testcase name="testLogBulkScenario" classname="OIP_DiagnosticsLoggerTest" time="0.16">
        </testcase>
        <testcase name="testLogEmptyEntries" classname="OIP_DiagnosticsLoggerTest" time="0.01">
        </testcase>
        <testcase name="testLogNullEntries" classname="OIP_DiagnosticsLoggerTest" time="0.01">
        </testcase>
        <testcase name="testLogSingleEntry" classname="OIP_DiagnosticsLoggerTest" time="0.04">
        </testcase>
        <testcase name="testIndexBySOQLApexClass" classname="OIP_MetadataIndexerServiceTest" time="0.06">
        </testcase>
        <testcase name="testIndexBySOQLApexTrigger" classname="OIP_MetadataIndexerServiceTest" time="0.01">
        </testcase>
        <testcase name="testIndexBySOQLFlow" classname="OIP_MetadataIndexerServiceTest" time="0.46">
        </testcase>
        <testcase name="testIndexBySOQLUnsupportedType" classname="OIP_MetadataIndexerServiceTest" time="0.04">
        </testcase>
        <testcase name="testIndexComponentTypesMultipleTypes" classname="OIP_MetadataIndexerServiceTest" time="0.03">
        </testcase>
        <testcase name="testIndexComponentTypesWithEmpty" classname="OIP_MetadataIndexerServiceTest" time="0.00">
        </testcase>
        <testcase name="testIndexComponentTypesWithNull" classname="OIP_MetadataIndexerServiceTest" time="0.01">
        </testcase>
        <testcase name="testUpsertIndexRecordsBulk" classname="OIP_MetadataIndexerServiceTest" time="0.31">
        </testcase>
        <testcase name="testUpsertIndexRecordsWithUpdate" classname="OIP_MetadataIndexerServiceTest" time="0.04">
        </testcase>
        <testcase name="testCalculateSeverity" classname="OIP_DependencyGraphEngineTest" time="0.04">
        </testcase>
        <testcase name="testGetNodeByName" classname="OIP_DependencyGraphEngineTest" time="0.02">
        </testcase>
        <testcase name="testGetOutgoingEdges" classname="OIP_DependencyGraphEngineTest" time="0.04">
        </testcase>
        <testcase name="testSearchNodes" classname="OIP_DependencyGraphEngineTest" time="0.01">
        </testcase>
        <testcase name="testTraverseBFS" classname="OIP_DependencyGraphEngineTest" time="0.06">
        </testcase>
        <testcase name="testTraverseBFSMaxDepth" classname="OIP_DependencyGraphEngineTest" time="0.03">
        </testcase>
        <testcase name="testTraverseReverseBFS" classname="OIP_DependencyGraphEngineTest" time="0.06">
        </testcase>
        <testcase name="testResolveFieldAccess" classname="OIP_PermissionResolverServiceTest" time="1.95">
        </testcase>
        <testcase name="testResolveFieldAccessInvalidField" classname="OIP_PermissionResolverServiceTest" time="0.33">
        </testcase>
        <testcase name="testTracePHIAccess" classname="OIP_PermissionResolverServiceTest" time="0.02">
        </testcase>
        <testcase name="testTracePHIAccessNoPHI" classname="OIP_PermissionResolverServiceTest" time="0.01">
        </testcase>
        <testcase name="testDetectConflictsForObject" classname="OIP_AutomationConflictDetectorTest" time="0.33">
        </testcase>
        <testcase name="testDetectConflictsNoAutomation" classname="OIP_AutomationConflictDetectorTest" time="0.04">
        </testcase>
        <testcase name="testDetectMissingDependencies" classname="OIP_DeploymentDebuggerServiceTest" time="0.00">
            <failure message="System.DmlException: Insert failed. First exception on row 0; first error: REQUIRED_FIELD_MISSING, Required fields are missing: [OIP_MetadataIndexId__c]: [OIP_MetadataIndexId__c]"><![CDATA[Class.OIP_DeploymentDebuggerServiceTest.makeData: line 11, column 1]]></failure>
        </testcase>
        <testcase name="testGenerateFixActions" classname="OIP_DeploymentDebuggerServiceTest" time="0.00">
            <failure message="System.DmlException: Insert failed. First exception on row 0; first error: REQUIRED_FIELD_MISSING, Required fields are missing: [OIP_MetadataIndexId__c]: [OIP_MetadataIndexId__c]"><![CDATA[Class.OIP_DeploymentDebuggerServiceTest.makeData: line 11, column 1]]></failure>
        </testcase>
    </testsuite>
</testsuites>
