<?xml version="1.0" encoding="UTF-8"?>
<testsuites>
    <testsuite name="force.apex" timestamp="2026-05-10T15:07:08.000Z" hostname="https://orgfarm-ac01aa6abd-dev-ed.develop.my.salesforce.com" tests="0" failures="0"  errors="0"  time="0.00">
        <properties>
            <property name="outcome" value="Skipped"/>
            <property name="testsRan" value="0"/>
            <property name="passing" value="0"/>
            <property name="failing" value="0"/>
            <property name="skipped" value="0"/>
            <property name="passRate" value="0%"/>
            <property name="failRate" value="0%"/>
            <property name="testStartTime" value="Sun May 10 2026 8:37:08 PM"/>
            <property name="testSetupTimeInMs" value="0"/>
            <property name="testExecutionTime" value="0.00 s"/>
            <property name="testTotalTime" value="0.00 s"/>
            <property name="commandTime" value="0.36 s"/>
            <property name="hostname" value="https://orgfarm-ac01aa6abd-dev-ed.develop.my.salesforce.com"/>
            <property name="orgId" value="00DgL00000Nz3aaUAB"/>
            <property name="username" value="krishnendu.bose.71c3f5093136@agentforce.com"/>
            <property name="testRunId" value="707gL00000pSvvn"/>
            <property name="userId" value="005gL00000GjLOrQAN"/>
        </properties>
    </testsuite>
</testsuites>
