<?xml version="1.0" encoding="UTF-8"?>
<testsuites>
    <testsuite name="force.apex" timestamp="2026-05-10T16:24:32.000Z" hostname="https://orgfarm-ac01aa6abd-dev-ed.develop.my.salesforce.com" tests="47" failures="0"  errors="0"  time="4.58">
        <properties>
            <property name="outcome" value="Successful"/>
            <property name="testsRan" value="47"/>
            <property name="passing" value="47"/>
            <property name="failing" value="0"/>
            <property name="skipped" value="0"/>
            <property name="passRate" value="100%"/>
            <property name="failRate" value="0%"/>
            <property name="testStartTime" value="Sun May 10 2026 9:54:32 PM"/>
            <property name="testSetupTimeInMs" value="849"/>
            <property name="testExecutionTime" value="4.58 s"/>
            <property name="testTotalTime" value="5.42 s"/>
            <property name="commandTime" value="0.36 s"/>
            <property name="hostname" value="https://orgfarm-ac01aa6abd-dev-ed.develop.my.salesforce.com"/>
            <property name="orgId" value="00DgL00000Nz3aaUAB"/>
            <property name="username" value="krishnendu.bose.71c3f5093136@agentforce.com"/>
            <property name="testRunId" value="707gL00000pTEKb"/>
            <property name="userId" value="005gL00000GjLOrQAN"/>
        </properties>
        <testcase name="testGetCarePlanDependencies" classname="OIP_HealthCloudServiceTest" time="0.04">
        </testcase>
        <testcase name="testGetConsentDependencies" classname="OIP_HealthCloudServiceTest" time="0.02">
        </testcase>
        <testcase name="testGetEHRDependencies" classname="OIP_HealthCloudServiceTest" time="0.02">
        </testcase>
        <testcase name="testGetPHIFields" classname="OIP_HealthCloudServiceTest" time="0.02">
        </testcase>
        <testcase name="testBuildLogEntry" classname="OIP_DiagnosticsLoggerTest" time="0.01">
        </testcase>
        <testcase name="testLogAllLevels" classname="OIP_DiagnosticsLoggerTest" time="0.05">
        </testcase>
        <testcase name="testLogBulkExceedsBatchSize" classname="OIP_DiagnosticsLoggerTest" time="0.51">
        </testcase>
        <testcase name="testLogBulkScenario" classname="OIP_DiagnosticsLoggerTest" time="0.24">
        </testcase>
        <testcase name="testLogEmptyEntries" classname="OIP_DiagnosticsLoggerTest" time="0.01">
        </testcase>
        <testcase name="testLogNullEntries" classname="OIP_DiagnosticsLoggerTest" time="0.01">
        </testcase>
        <testcase name="testLogSingleEntry" classname="OIP_DiagnosticsLoggerTest" time="0.04">
        </testcase>
        <testcase name="testIndexBySOQLApexClass" classname="OIP_MetadataIndexerServiceTest" time="0.06">
        </testcase>
        <testcase name="testIndexBySOQLApexTrigger" classname="OIP_MetadataIndexerServiceTest" time="0.02">
        </testcase>
        <testcase name="testIndexBySOQLFlow" classname="OIP_MetadataIndexerServiceTest" time="0.46">
        </testcase>
        <testcase name="testIndexBySOQLUnsupportedType" classname="OIP_MetadataIndexerServiceTest" time="0.06">
        </testcase>
        <testcase name="testIndexComponentTypesMultipleTypes" classname="OIP_MetadataIndexerServiceTest" time="0.04">
        </testcase>
        <testcase name="testIndexComponentTypesWithEmpty" classname="OIP_MetadataIndexerServiceTest" time="0.01">
        </testcase>
        <testcase name="testIndexComponentTypesWithNull" classname="OIP_MetadataIndexerServiceTest" time="0.01">
        </testcase>
        <testcase name="testUpsertIndexRecordsBulk" classname="OIP_MetadataIndexerServiceTest" time="0.37">
        </testcase>
        <testcase name="testUpsertIndexRecordsWithUpdate" classname="OIP_MetadataIndexerServiceTest" time="0.05">
        </testcase>
        <testcase name="testCalculateSeverity" classname="OIP_DependencyGraphEngineTest" time="0.03">
        </testcase>
        <testcase name="testGetNodeByName" classname="OIP_DependencyGraphEngineTest" time="0.01">
        </testcase>
        <testcase name="testGetOutgoingEdges" classname="OIP_DependencyGraphEngineTest" time="0.04">
        </testcase>
        <testcase name="testSearchNodes" classname="OIP_DependencyGraphEngineTest" time="0.01">
        </testcase>
        <testcase name="testTraverseBFS" classname="OIP_DependencyGraphEngineTest" time="0.06">
        </testcase>
        <testcase name="testTraverseBFSMaxDepth" classname="OIP_DependencyGraphEngineTest" time="0.02">
        </testcase>
        <testcase name="testTraverseReverseBFS" classname="OIP_DependencyGraphEngineTest" time="0.06">
        </testcase>
        <testcase name="testAnalyzeFailureNotFound" classname="OIP_RootCauseAnalyzerServiceTest" time="0.03">
        </testcase>
        <testcase name="testAnalyzeFailureWithErrors" classname="OIP_RootCauseAnalyzerServiceTest" time="0.04">
        </testcase>
        <testcase name="testConfidenceScoring" classname="OIP_RootCauseAnalyzerServiceTest" time="0.01">
        </testcase>
        <testcase name="testGenerateChecklist" classname="OIP_RootCauseAnalyzerServiceTest" time="0.01">
        </testcase>
        <testcase name="testResolveFieldAccess" classname="OIP_PermissionResolverServiceTest" time="1.89">
        </testcase>
        <testcase name="testResolveFieldAccessInvalidField" classname="OIP_PermissionResolverServiceTest" time="0.34">
        </testcase>
        <testcase name="testTracePHIAccess" classname="OIP_PermissionResolverServiceTest" time="0.02">
        </testcase>
        <testcase name="testTracePHIAccessNoPHI" classname="OIP_PermissionResolverServiceTest" time="0.01">
        </testcase>
        <testcase name="testDetectConflictsForObject" classname="OIP_AutomationConflictDetectorTest" time="0.27">
        </testcase>
        <testcase name="testDetectConflictsNoAutomation" classname="OIP_AutomationConflictDetectorTest" time="0.04">
        </testcase>
        <testcase name="testDetectMissingDependencies" classname="OIP_DeploymentDebuggerServiceTest" time="0.05">
        </testcase>
        <testcase name="testGenerateFixActions" classname="OIP_DeploymentDebuggerServiceTest" time="0.01">
        </testcase>
    </testsuite>
</testsuites>
